<?xml version="1.0" encoding="UTF-8"?>
<!-- Generated by org.testng.reporters.JUnitXMLReporter -->
<testsuite ignored="2" hostname="DESKTOP-V7CDSUJ" failures="0" tests="1" name="Default test" time="2.238" errors="0" timestamp="2021-10-30T17:03:05 HAE">
  <testcase classname="demo.restassured.DemoProjectTest" name="GetUserDetails" time="2.207"/>
  <testcase classname="demo.restassured.DemoProjectTest" name="f" time="0.0">
    <ignored/>
  </testcase> <!-- f -->
  <testcase classname="demo.restassured.DemoProjectTest" name="PostUserDetails" time="0.0">
    <ignored/>
  </testcase> <!-- PostUserDetails -->
</testsuite> <!-- Default test -->
