<?xml version="1.0" encoding="UTF-8"?>
<testng-results ignored="2" total="3" passed="1" failed="0" skipped="0">
  <reporter-output>
  </reporter-output>
  <suite started-at="2021-10-30T17:03:03 HAE" name="Default suite" finished-at="2021-10-30T17:03:05 HAE" duration-ms="2238">
    <groups>
    </groups>
    <test started-at="2021-10-30T17:03:03 HAE" name="Default test" finished-at="2021-10-30T17:03:05 HAE" duration-ms="2238">
      <class name="demo.restassured.DemoProjectTest">
        <test-method is-config="true" signature="beforeSuite()[pri:0, instance:demo.restassured.DemoProjectTest@485966cc]" started-at="2021-10-30T17:03:03 HAE" name="beforeSuite" finished-at="2021-10-30T17:03:03 HAE" duration-ms="8" status="PASS">
          <reporter-output>
          </reporter-output>
        </test-method> <!-- beforeSuite -->
        <test-method signature="GetUserDetails()[pri:0, instance:demo.restassured.DemoProjectTest@485966cc]" started-at="2021-10-30T17:03:03 HAE" name="GetUserDetails" finished-at="2021-10-30T17:03:05 HAE" duration-ms="2207" status="PASS">
          <reporter-output>
          </reporter-output>
        </test-method> <!-- GetUserDetails -->
      </class> <!-- demo.restassured.DemoProjectTest -->
    </test> <!-- Default test -->
  </suite> <!-- Default suite -->
</testng-results>
